<?xml version="1.0" encoding="UTF-8"?>
<!-- Generated by org.testng.reporters.JUnitReportReporter -->
<testsuite hostname="DESKTOP-RJ192UE" failures="0" tests="2" name="com.Grid.AMAZON" time="8.066" errors="0" timestamp="2024-09-03T02:33:22 IST" skipped="0">
  <testcase classname="com.Grid.AMAZON" name="f" time="4.108"/>
  <testcase classname="com.Grid.AMAZON" name="f" time="3.958"/>
</testsuite> <!-- com.Grid.AMAZON -->
