<?xml version="1.0" encoding="UTF-8"?>
<!-- Generated by org.testng.reporters.JUnitReportReporter -->
<testsuite hostname="DESKTOP-RJ192UE" failures="0" tests="2" name="com.project.Amazon" time="24.032" errors="0" timestamp="2024-09-02T18:37:32 IST" skipped="0">
  <testcase classname="com.project.Amazon" name="Amazon" time="1.411"/>
  <testcase classname="com.project.Amazon" name="Filpkart" time="22.621"/>
</testsuite> <!-- com.project.Amazon -->
