<?xml version="1.0" encoding="UTF-8"?>
<!-- Generated by org.testng.reporters.JUnitReportReporter -->
<testsuite hostname="DESKTOP-RJ192UE" failures="0" tests="2" name="com.amazon.MultiBrowserTest" time="7.048" errors="0" timestamp="2024-09-08T12:22:28 IST" skipped="0">
  <testcase classname="com.amazon.MultiBrowserTest" name="testExample" time="2.993"/>
  <testcase classname="com.amazon.MultiBrowserTest" name="testExample" time="4.055"/>
</testsuite> <!-- com.amazon.MultiBrowserTest -->
