<?xml version="1.0" encoding="UTF-8"?>
<!-- Generated by org.testng.reporters.JUnitReportReporter -->
<testsuite hostname="DESKTOP-RJ192UE" failures="0" tests="2" name="com.project.Shopping_sites" time="3.071" errors="0" timestamp="2024-09-02T19:22:57 IST" skipped="0">
  <testcase classname="com.project.Shopping_sites" name="Amazon" time="1.337"/>
  <testcase classname="com.project.Shopping_sites" name="Filpkart" time="1.734"/>
</testsuite> <!-- com.project.Shopping_sites -->
