<?xml version="1.0" encoding="UTF-8"?>
<!-- Generated by org.testng.reporters.JUnitReportReporter -->
<testsuite hostname="DESKTOP-RJ192UE" failures="0" tests="2" name="com.Grid.AMAZON" time="11.300" errors="0" timestamp="2024-09-03T02:40:29 IST" skipped="0">
  <testcase classname="com.Grid.AMAZON" name="f" time="5.385"/>
  <testcase classname="com.Grid.AMAZON" name="f" time="5.915"/>
</testsuite> <!-- com.Grid.AMAZON -->
