<?xml version="1.0" encoding="UTF-8"?>
<!-- Generated by org.testng.reporters.JUnitReportReporter -->
<testsuite hostname="DESKTOP-RJ192UE" failures="0" tests="2" name="com.project.Shopping_sites" time="4.004" errors="0" timestamp="2024-09-03T01:30:04 IST" skipped="0">
  <testcase classname="com.project.Shopping_sites" name="Amazon" time="2.060"/>
  <testcase classname="com.project.Shopping_sites" name="Filpkart" time="1.944"/>
</testsuite> <!-- com.project.Shopping_sites -->
