<?xml version="1.0" encoding="UTF-8"?>
<!-- Generated by org.testng.reporters.JUnitReportReporter -->
<testsuite hostname="DESKTOP-RJ192UE" failures="0" tests="2" name="com.project.Shopping_sites" time="3.503" errors="0" timestamp="2024-09-02T19:30:19 IST" skipped="0">
  <testcase classname="com.project.Shopping_sites" name="Amazon" time="1.530"/>
  <testcase classname="com.project.Shopping_sites" name="Filpkart" time="1.973"/>
</testsuite> <!-- com.project.Shopping_sites -->
